<?xml version="1.0" encoding="UTF-8"?>
<!-- Generated by org.testng.reporters.JUnitReportReporter -->
<testsuite hostname="MSDT103" failures="0" tests="4" name="PractiseOfTestNg.GroupsDemo" time="0.018" errors="0" timestamp="2022-02-01T20:24:08 IST" skipped="0">
  <testcase classname="PractiseOfTestNg.GroupsDemo" name="logOutData1" time="0.002"/>
  <system-out/>
  <testcase classname="PractiseOfTestNg.GroupsDemo" name="loginData" time="0.010"/>
  <system-out/>
  <testcase classname="PractiseOfTestNg.GroupsDemo" name="loginData1" time="0.001"/>
  <system-out/>
  <testcase classname="PractiseOfTestNg.GroupsDemo" name="logOutData" time="0.005"/>
  <system-out/>
</testsuite> <!-- PractiseOfTestNg.GroupsDemo -->
