<?xml version="1.0" encoding="UTF-8"?>
<!-- Generated by org.testng.reporters.JUnitReportReporter -->
<testsuite hostname="MSDT103" failures="0" tests="1" name="PractiseOfTestNg.DemoParaMeterAnnotation" time="0.010" errors="0" timestamp="2022-02-01T19:37:32 IST" skipped="0">
  <testcase classname="PractiseOfTestNg.DemoParaMeterAnnotation" name="getValueFormXml" time="0.010"/>
  <system-out/>
</testsuite> <!-- PractiseOfTestNg.DemoParaMeterAnnotation -->
