<?xml version="1.0" encoding="UTF-8"?>
<!-- Generated by org.testng.reporters.JUnitReportReporter -->
<testsuite hostname="MSDT103" failures="0" tests="2" name="PractiseOfTestNg.Groups" time="0.013" errors="0" timestamp="2022-02-01T20:35:17 IST" skipped="0">
  <testcase classname="PractiseOfTestNg.Groups" name="testcase3" time="0.002"/>
  <system-out/>
  <testcase classname="PractiseOfTestNg.Groups" name="testcase2" time="0.011"/>
  <system-out/>
</testsuite> <!-- PractiseOfTestNg.Groups -->
