<?xml version="1.0" encoding="UTF-8"?>
<!-- Generated by org.testng.reporters.JUnitReportReporter -->
<testsuite hostname="MSDT103" failures="0" tests="3" name="PractiseOfTestNg.practiseOfDataProvider" time="16.065" errors="0" timestamp="2022-02-01T13:56:21 IST" skipped="0">
  <testcase classname="PractiseOfTestNg.practiseOfDataProvider" name="login" time="5.586"/>
  <system-out/>
  <testcase classname="PractiseOfTestNg.practiseOfDataProvider" name="login" time="6.332"/>
  <system-out/>
  <testcase classname="PractiseOfTestNg.practiseOfDataProvider" name="login" time="4.147"/>
  <system-out/>
</testsuite> <!-- PractiseOfTestNg.practiseOfDataProvider -->
